
*** Running vivado
    with args -log Register_Bank.vdi -applog -m64 -product Vivado -messageDb vivado.pb -mode batch -source Register_Bank.tcl -notrace


****** Vivado v2019.2 (64-bit)
  **** SW Build 2708876 on Wed Nov  6 21:40:23 MST 2019
  **** IP Build 2700528 on Thu Nov  7 00:09:20 MST 2019
    ** Copyright 1986-2019 Xilinx, Inc. All Rights Reserved.

source Register_Bank.tcl -notrace
Command: link_design -top Register_Bank -part xc7a35tcpg236-1
Design is defaulting to srcset: sources_1
Design is defaulting to constrset: constrs_1
INFO: [Device 21-403] Loading part xc7a35tcpg236-1
Netlist sorting complete. Time (s): cpu = 00:00:00 ; elapsed = 00:00:00 . Memory (MB): peak = 604.324 ; gain = 0.000
INFO: [Project 1-479] Netlist was created with Vivado 2019.2
INFO: [Project 1-570] Preparing netlist for logic optimization
Netlist sorting complete. Time (s): cpu = 00:00:00 ; elapsed = 00:00:00 . Memory (MB): peak = 686.777 ; gain = 0.000
INFO: [Project 1-111] Unisim Transformation Summary:
No Unisim elements were transformed.

4 Infos, 0 Warnings, 0 Critical Warnings and 0 Errors encountered.
link_design completed successfully
Command: opt_design
Attempting to get a license for feature 'Implementation' and/or device 'xc7a35t'
INFO: [Common 17-349] Got license for feature 'Implementation' and/or device 'xc7a35t'
Running DRC as a precondition to command opt_design

Starting DRC Task
INFO: [DRC 23-27] Running DRC with 2 threads
INFO: [Project 1-461] DRC finished with 0 Errors
INFO: [Project 1-462] Please refer to the DRC report (report_drc) for more information.

Time (s): cpu = 00:00:00 ; elapsed = 00:00:00.278 . Memory (MB): peak = 739.367 ; gain = 24.676

Starting Cache Timing Information Task
INFO: [Timing 38-35] Done setting XDC timing constraints.
Ending Cache Timing Information Task | Checksum: 187e44226

Time (s): cpu = 00:00:05 ; elapsed = 00:00:05 . Memory (MB): peak = 1253.734 ; gain = 514.367

Starting Logic Optimization Task

Phase 1 Retarget
INFO: [Opt 31-138] Pushed 0 inverter(s) to 0 load pin(s).
INFO: [Opt 31-49] Retargeted 0 cell(s).
Phase 1 Retarget | Checksum: 187e44226

Time (s): cpu = 00:00:00 ; elapsed = 00:00:00.039 . Memory (MB): peak = 1446.512 ; gain = 0.000
INFO: [Opt 31-389] Phase Retarget created 0 cells and removed 0 cells

Phase 2 Constant propagation
INFO: [Opt 31-138] Pushed 0 inverter(s) to 0 load pin(s).
Phase 2 Constant propagation | Checksum: 187e44226

Time (s): cpu = 00:00:00 ; elapsed = 00:00:00.041 . Memory (MB): peak = 1446.512 ; gain = 0.000
INFO: [Opt 31-389] Phase Constant propagation created 0 cells and removed 0 cells

Phase 3 Sweep
Phase 3 Sweep | Checksum: 187e44226

Time (s): cpu = 00:00:00 ; elapsed = 00:00:00.045 . Memory (MB): peak = 1446.512 ; gain = 0.000
INFO: [Opt 31-389] Phase Sweep created 0 cells and removed 0 cells

Phase 4 BUFG optimization
INFO: [Opt 31-1112] Starts optimizing BUFG(s) with a common MMCM/DPLL/XPLL driver.
INFO: [Opt 31-1112] Starts optimizing BUFG(s) with a common driver.
INFO: [Opt 31-1092] Phase BUFG optimization transformed 0 BUFG(s) to MBUFG(s).
Phase 4 BUFG optimization | Checksum: 187e44226

Time (s): cpu = 00:00:00 ; elapsed = 00:00:00.047 . Memory (MB): peak = 1446.512 ; gain = 0.000
INFO: [Opt 31-662] Phase BUFG optimization created 0 cells of which 0 are BUFGs and removed 0 cells.

Phase 5 Shift Register Optimization
INFO: [Opt 31-1064] SRL Remap converted 0 SRLs to 0 registers and converted 0 registers of register chains to 0 SRLs
Phase 5 Shift Register Optimization | Checksum: 187e44226

Time (s): cpu = 00:00:00 ; elapsed = 00:00:00.049 . Memory (MB): peak = 1446.512 ; gain = 0.000
INFO: [Opt 31-389] Phase Shift Register Optimization created 0 cells and removed 0 cells

Phase 6 Post Processing Netlist
Phase 6 Post Processing Netlist | Checksum: 187e44226

Time (s): cpu = 00:00:00 ; elapsed = 00:00:00.050 . Memory (MB): peak = 1446.512 ; gain = 0.000
INFO: [Opt 31-389] Phase Post Processing Netlist created 0 cells and removed 0 cells
Opt_design Change Summary
=========================


-------------------------------------------------------------------------------------------------------------------------
|  Phase                        |  #Cells created  |  #Cells Removed  |  #Constrained objects preventing optimizations  |
-------------------------------------------------------------------------------------------------------------------------
|  Retarget                     |               0  |               0  |                                              0  |
|  Constant propagation         |               0  |               0  |                                              0  |
|  Sweep                        |               0  |               0  |                                              0  |
|  BUFG optimization            |               0  |               0  |                                              0  |
|  Shift Register Optimization  |               0  |               0  |                                              0  |
|  Post Processing Netlist      |               0  |               0  |                                              0  |
-------------------------------------------------------------------------------------------------------------------------



Starting Connectivity Check Task

Time (s): cpu = 00:00:00 ; elapsed = 00:00:00 . Memory (MB): peak = 1446.512 ; gain = 0.000
Ending Logic Optimization Task | Checksum: 187e44226

Time (s): cpu = 00:00:00 ; elapsed = 00:00:00.052 . Memory (MB): peak = 1446.512 ; gain = 0.000

Starting Power Optimization Task
INFO: [Pwropt 34-132] Skipping clock gating for clocks with a period < 2.00 ns.
Ending Power Optimization Task | Checksum: 187e44226

Time (s): cpu = 00:00:00 ; elapsed = 00:00:00.017 . Memory (MB): peak = 1446.512 ; gain = 0.000

Starting Final Cleanup Task
Ending Final Cleanup Task | Checksum: 187e44226

Time (s): cpu = 00:00:00 ; elapsed = 00:00:00 . Memory (MB): peak = 1446.512 ; gain = 0.000

Starting Netlist Obfuscation Task
Netlist sorting complete. Time (s): cpu = 00:00:00 ; elapsed = 00:00:00 . Memory (MB): peak = 1446.512 ; gain = 0.000
Ending Netlist Obfuscation Task | Checksum: 187e44226

Time (s): cpu = 00:00:00 ; elapsed = 00:00:00 . Memory (MB): peak = 1446.512 ; gain = 0.000
INFO: [Common 17-83] Releasing license: Implementation
24 Infos, 0 Warnings, 0 Critical Warnings and 0 Errors encountered.
opt_design completed successfully
opt_design: Time (s): cpu = 00:00:07 ; elapsed = 00:00:07 . Memory (MB): peak = 1446.512 ; gain = 731.820
Netlist sorting complete. Time (s): cpu = 00:00:00 ; elapsed = 00:00:00 . Memory (MB): peak = 1446.512 ; gain = 0.000
WARNING: [Constraints 18-5210] No constraints selected for write.
Resolution: This message can indicate that there are no constraints for the design, or it can indicate that the used_in flags are set such that the constraints are ignored. This later case is used when running synth_design to not write synthesis constraints to the resulting checkpoint. Instead, project constraints are read when the synthesized design is opened.
INFO: [Common 17-1381] The checkpoint 'C:/Users/Lenovo/Downloads/S2/CS 1050 computer organization and digital design/Vivado lab files/nanoprocessor/nanoprocessor.runs/impl_1/Register_Bank_opt.dcp' has been generated.
INFO: [runtcl-4] Executing : report_drc -file Register_Bank_drc_opted.rpt -pb Register_Bank_drc_opted.pb -rpx Register_Bank_drc_opted.rpx
Command: report_drc -file Register_Bank_drc_opted.rpt -pb Register_Bank_drc_opted.pb -rpx Register_Bank_drc_opted.rpx
INFO: [IP_Flow 19-234] Refreshing IP repositories
INFO: [IP_Flow 19-1704] No user IP repositories specified
INFO: [IP_Flow 19-2313] Loaded Vivado IP repository 'C:/Xilinx/Vivado/2019.2/data/ip'.
INFO: [DRC 23-27] Running DRC with 2 threads
INFO: [Coretcl 2-168] The results of DRC are in file C:/Users/Lenovo/Downloads/S2/CS 1050 computer organization and digital design/Vivado lab files/nanoprocessor/nanoprocessor.runs/impl_1/Register_Bank_drc_opted.rpt.
report_drc completed successfully
Command: place_design
Attempting to get a license for feature 'Implementation' and/or device 'xc7a35t'
INFO: [Common 17-349] Got license for feature 'Implementation' and/or device 'xc7a35t'
INFO: [DRC 23-27] Running DRC with 2 threads
INFO: [Vivado_Tcl 4-198] DRC finished with 0 Errors
INFO: [Vivado_Tcl 4-199] Please refer to the DRC report (report_drc) for more information.
Running DRC as a precondition to command place_design
INFO: [DRC 23-27] Running DRC with 2 threads
INFO: [Vivado_Tcl 4-198] DRC finished with 0 Errors
INFO: [Vivado_Tcl 4-199] Please refer to the DRC report (report_drc) for more information.

Starting Placer Task
INFO: [Place 30-611] Multithreading enabled for place_design using a maximum of 2 CPUs

Phase 1 Placer Initialization

Phase 1.1 Placer Initialization Netlist Sorting
Netlist sorting complete. Time (s): cpu = 00:00:00 ; elapsed = 00:00:00 . Memory (MB): peak = 1446.512 ; gain = 0.000
Phase 1.1 Placer Initialization Netlist Sorting | Checksum: a85b0ef3

Time (s): cpu = 00:00:00 ; elapsed = 00:00:00.011 . Memory (MB): peak = 1446.512 ; gain = 0.000
Netlist sorting complete. Time (s): cpu = 00:00:00 ; elapsed = 00:00:00 . Memory (MB): peak = 1446.512 ; gain = 0.000

Phase 1.2 IO Placement/ Clock Placement/ Build Placer Device
INFO: [Timing 38-35] Done setting XDC timing constraints.
Phase 1.2 IO Placement/ Clock Placement/ Build Placer Device | Checksum: f1864b04

Time (s): cpu = 00:00:00 ; elapsed = 00:00:00.210 . Memory (MB): peak = 1446.512 ; gain = 0.000

Phase 1.3 Build Placer Netlist Model
Phase 1.3 Build Placer Netlist Model | Checksum: 12815cbba

Time (s): cpu = 00:00:00 ; elapsed = 00:00:00.220 . Memory (MB): peak = 1446.512 ; gain = 0.000

Phase 1.4 Constrain Clocks/Macros
Phase 1.4 Constrain Clocks/Macros | Checksum: 12815cbba

Time (s): cpu = 00:00:00 ; elapsed = 00:00:00.223 . Memory (MB): peak = 1446.512 ; gain = 0.000
Phase 1 Placer Initialization | Checksum: 12815cbba

Time (s): cpu = 00:00:00 ; elapsed = 00:00:00.223 . Memory (MB): peak = 1446.512 ; gain = 0.000

Phase 2 Final Placement Cleanup
Netlist sorting complete. Time (s): cpu = 00:00:00 ; elapsed = 00:00:00 . Memory (MB): peak = 1446.512 ; gain = 0.000
Phase 2 Final Placement Cleanup | Checksum: 12815cbba

Time (s): cpu = 00:00:00 ; elapsed = 00:00:00.225 . Memory (MB): peak = 1446.512 ; gain = 0.000
INFO: [Place 30-281] No place-able instance is found; design doesn't contain any instance or all instances are placed
Ending Placer Task | Checksum: f1864b04

Time (s): cpu = 00:00:00 ; elapsed = 00:00:00.225 . Memory (MB): peak = 1446.512 ; gain = 0.000
INFO: [Common 17-83] Releasing license: Implementation
42 Infos, 1 Warnings, 0 Critical Warnings and 0 Errors encountered.
place_design completed successfully
Netlist sorting complete. Time (s): cpu = 00:00:00 ; elapsed = 00:00:00 . Memory (MB): peak = 1446.512 ; gain = 0.000
WARNING: [Constraints 18-5210] No constraints selected for write.
Resolution: This message can indicate that there are no constraints for the design, or it can indicate that the used_in flags are set such that the constraints are ignored. This later case is used when running synth_design to not write synthesis constraints to the resulting checkpoint. Instead, project constraints are read when the synthesized design is opened.
Writing placer database...
Writing XDEF routing.
Writing XDEF routing logical nets.
Writing XDEF routing special nets.
Write XDEF Complete: Time (s): cpu = 00:00:01 ; elapsed = 00:00:00.045 . Memory (MB): peak = 1463.371 ; gain = 16.859
INFO: [Common 17-1381] The checkpoint 'C:/Users/Lenovo/Downloads/S2/CS 1050 computer organization and digital design/Vivado lab files/nanoprocessor/nanoprocessor.runs/impl_1/Register_Bank_placed.dcp' has been generated.
INFO: [runtcl-4] Executing : report_io -file Register_Bank_io_placed.rpt
report_io: Time (s): cpu = 00:00:00 ; elapsed = 00:00:00.022 . Memory (MB): peak = 1463.371 ; gain = 0.000
INFO: [runtcl-4] Executing : report_utilization -file Register_Bank_utilization_placed.rpt -pb Register_Bank_utilization_placed.pb
INFO: [runtcl-4] Executing : report_control_sets -verbose -file Register_Bank_control_sets_placed.rpt
report_control_sets: Time (s): cpu = 00:00:00 ; elapsed = 00:00:00 . Memory (MB): peak = 1463.371 ; gain = 0.000
Command: phys_opt_design
Attempting to get a license for feature 'Implementation' and/or device 'xc7a35t'
INFO: [Common 17-349] Got license for feature 'Implementation' and/or device 'xc7a35t'
INFO: [Vivado_Tcl 4-241] Physical synthesis in post route mode ( 100.0% nets are fully routed)
INFO: [Vivado_Tcl 4-235] No timing constraint found. The netlist was not modified.
INFO: [Common 17-83] Releasing license: Implementation
50 Infos, 2 Warnings, 0 Critical Warnings and 0 Errors encountered.
phys_opt_design completed successfully
Netlist sorting complete. Time (s): cpu = 00:00:00 ; elapsed = 00:00:00 . Memory (MB): peak = 1463.371 ; gain = 0.000
WARNING: [Constraints 18-5210] No constraints selected for write.
Resolution: This message can indicate that there are no constraints for the design, or it can indicate that the used_in flags are set such that the constraints are ignored. This later case is used when running synth_design to not write synthesis constraints to the resulting checkpoint. Instead, project constraints are read when the synthesized design is opened.
Writing placer database...
Writing XDEF routing.
Writing XDEF routing logical nets.
Writing XDEF routing special nets.
Write XDEF Complete: Time (s): cpu = 00:00:00 ; elapsed = 00:00:00.019 . Memory (MB): peak = 1476.691 ; gain = 13.320
INFO: [Common 17-1381] The checkpoint 'C:/Users/Lenovo/Downloads/S2/CS 1050 computer organization and digital design/Vivado lab files/nanoprocessor/nanoprocessor.runs/impl_1/Register_Bank_physopt.dcp' has been generated.
Command: route_design
Attempting to get a license for feature 'Implementation' and/or device 'xc7a35t'
INFO: [Common 17-349] Got license for feature 'Implementation' and/or device 'xc7a35t'
Running DRC as a precondition to command route_design
INFO: [DRC 23-27] Running DRC with 2 threads
INFO: [Vivado_Tcl 4-198] DRC finished with 0 Errors
INFO: [Vivado_Tcl 4-199] Please refer to the DRC report (report_drc) for more information.


Starting Routing Task
INFO: [Route 35-254] Multithreading enabled for route_design using a maximum of 2 CPUs
Checksum: PlaceDB: 492b3c11 ConstDB: 0 ShapeSum: a85b0ef3 RouteDB: 0

Phase 1 Build RT Design
Phase 1 Build RT Design | Checksum: e8fb87a8

Time (s): cpu = 00:00:12 ; elapsed = 00:00:11 . Memory (MB): peak = 1569.211 ; gain = 77.426
Post Restoration Checksum: NetGraph: 4d10a21f NumContArr: 9beae589 Constraints: 0 Timing: 0

Phase 2 Router Initialization
INFO: [Route 35-64] No timing constraints were detected. The router will operate in resource-optimization mode.

Phase 2.1 Fix Topology Constraints
Phase 2.1 Fix Topology Constraints | Checksum: e8fb87a8

Time (s): cpu = 00:00:12 ; elapsed = 00:00:11 . Memory (MB): peak = 1575.227 ; gain = 83.441

Phase 2.2 Pre Route Cleanup
Phase 2.2 Pre Route Cleanup | Checksum: e8fb87a8

Time (s): cpu = 00:00:12 ; elapsed = 00:00:11 . Memory (MB): peak = 1575.227 ; gain = 83.441
 Number of Nodes with overlaps = 0
Phase 2 Router Initialization | Checksum: 110dede7f

Time (s): cpu = 00:00:12 ; elapsed = 00:00:11 . Memory (MB): peak = 1576.520 ; gain = 84.734

Router Utilization Summary
  Global Vertical Routing Utilization    = 0 %
  Global Horizontal Routing Utilization  = 0 %
  Routable Net Status*
  *Does not include unroutable nets such as driverless and loadless.
  Run report_route_status for detailed report.
  Number of Failed Nets               = 0
    (Failed Nets is the sum of unrouted and partially routed nets)
  Number of Unrouted Nets             = 0
  Number of Partially Routed Nets     = 0
  Number of Node Overlaps             = 0


Phase 3 Initial Routing
 Number of Nodes with overlaps = 0
Phase 3 Initial Routing | Checksum: 110dede7f

Time (s): cpu = 00:00:12 ; elapsed = 00:00:11 . Memory (MB): peak = 1578.648 ; gain = 86.863

Phase 4 Rip-up And Reroute

Phase 4.1 Global Iteration 0
Phase 4.1 Global Iteration 0 | Checksum: 110dede7f

Time (s): cpu = 00:00:12 ; elapsed = 00:00:11 . Memory (MB): peak = 1578.648 ; gain = 86.863
Phase 4 Rip-up And Reroute | Checksum: 110dede7f

Time (s): cpu = 00:00:12 ; elapsed = 00:00:11 . Memory (MB): peak = 1578.648 ; gain = 86.863

Phase 5 Delay and Skew Optimization
Phase 5 Delay and Skew Optimization | Checksum: 110dede7f

Time (s): cpu = 00:00:12 ; elapsed = 00:00:11 . Memory (MB): peak = 1578.648 ; gain = 86.863

Phase 6 Post Hold Fix

Phase 6.1 Hold Fix Iter
Phase 6.1 Hold Fix Iter | Checksum: 110dede7f

Time (s): cpu = 00:00:12 ; elapsed = 00:00:11 . Memory (MB): peak = 1578.648 ; gain = 86.863
Phase 6 Post Hold Fix | Checksum: 110dede7f

Time (s): cpu = 00:00:12 ; elapsed = 00:00:11 . Memory (MB): peak = 1578.648 ; gain = 86.863

Phase 7 Route finalize

Router Utilization Summary
  Global Vertical Routing Utilization    = 0 %
  Global Horizontal Routing Utilization  = 0 %
  Routable Net Status*
  *Does not include unroutable nets such as driverless and loadless.
  Run report_route_status for detailed report.
  Number of Failed Nets               = 0
    (Failed Nets is the sum of unrouted and partially routed nets)
  Number of Unrouted Nets             = 0
  Number of Partially Routed Nets     = 0
  Number of Node Overlaps             = 0

Congestion Report
North Dir 1x1 Area, Max Cong = 0%, No Congested Regions.
South Dir 1x1 Area, Max Cong = 0%, No Congested Regions.
East Dir 1x1 Area, Max Cong = 0%, No Congested Regions.
West Dir 1x1 Area, Max Cong = 0%, No Congested Regions.

------------------------------
Reporting congestion hotspots
------------------------------
Direction: North
----------------
Congested clusters found at Level 0
Effective congestion level: 0 Aspect Ratio: 1 Sparse Ratio: 0
Direction: South
----------------
Congested clusters found at Level 0
Effective congestion level: 0 Aspect Ratio: 1 Sparse Ratio: 0
Direction: East
----------------
Congested clusters found at Level 0
Effective congestion level: 0 Aspect Ratio: 1 Sparse Ratio: 0
Direction: West
----------------
Congested clusters found at Level 0
Effective congestion level: 0 Aspect Ratio: 1 Sparse Ratio: 0

Phase 7 Route finalize | Checksum: 110dede7f

Time (s): cpu = 00:00:12 ; elapsed = 00:00:11 . Memory (MB): peak = 1578.648 ; gain = 86.863

Phase 8 Verifying routed nets

 Verification completed successfully
Phase 8 Verifying routed nets | Checksum: 110dede7f

Time (s): cpu = 00:00:12 ; elapsed = 00:00:11 . Memory (MB): peak = 1580.668 ; gain = 88.883

Phase 9 Depositing Routes
Phase 9 Depositing Routes | Checksum: 110dede7f

Time (s): cpu = 00:00:12 ; elapsed = 00:00:11 . Memory (MB): peak = 1580.668 ; gain = 88.883
INFO: [Route 35-16] Router Completed Successfully

Time (s): cpu = 00:00:12 ; elapsed = 00:00:11 . Memory (MB): peak = 1580.668 ; gain = 88.883

Routing Is Done.
INFO: [Common 17-83] Releasing license: Implementation
59 Infos, 3 Warnings, 0 Critical Warnings and 0 Errors encountered.
route_design completed successfully
route_design: Time (s): cpu = 00:00:12 ; elapsed = 00:00:12 . Memory (MB): peak = 1580.668 ; gain = 103.977
Netlist sorting complete. Time (s): cpu = 00:00:00 ; elapsed = 00:00:00 . Memory (MB): peak = 1580.668 ; gain = 0.000
WARNING: [Constraints 18-5210] No constraints selected for write.
Resolution: This message can indicate that there are no constraints for the design, or it can indicate that the used_in flags are set such that the constraints are ignored. This later case is used when running synth_design to not write synthesis constraints to the resulting checkpoint. Instead, project constraints are read when the synthesized design is opened.
Writing placer database...
Writing XDEF routing.
Writing XDEF routing logical nets.
Writing XDEF routing special nets.
Write XDEF Complete: Time (s): cpu = 00:00:00 ; elapsed = 00:00:00.026 . Memory (MB): peak = 1590.516 ; gain = 9.848
INFO: [Common 17-1381] The checkpoint 'C:/Users/Lenovo/Downloads/S2/CS 1050 computer organization and digital design/Vivado lab files/nanoprocessor/nanoprocessor.runs/impl_1/Register_Bank_routed.dcp' has been generated.
INFO: [runtcl-4] Executing : report_drc -file Register_Bank_drc_routed.rpt -pb Register_Bank_drc_routed.pb -rpx Register_Bank_drc_routed.rpx
Command: report_drc -file Register_Bank_drc_routed.rpt -pb Register_Bank_drc_routed.pb -rpx Register_Bank_drc_routed.rpx
INFO: [IP_Flow 19-1839] IP Catalog is up to date.
INFO: [DRC 23-27] Running DRC with 2 threads
INFO: [Coretcl 2-168] The results of DRC are in file C:/Users/Lenovo/Downloads/S2/CS 1050 computer organization and digital design/Vivado lab files/nanoprocessor/nanoprocessor.runs/impl_1/Register_Bank_drc_routed.rpt.
report_drc completed successfully
INFO: [runtcl-4] Executing : report_methodology -file Register_Bank_methodology_drc_routed.rpt -pb Register_Bank_methodology_drc_routed.pb -rpx Register_Bank_methodology_drc_routed.rpx
Command: report_methodology -file Register_Bank_methodology_drc_routed.rpt -pb Register_Bank_methodology_drc_routed.pb -rpx Register_Bank_methodology_drc_routed.rpx
INFO: [Timing 38-35] Done setting XDC timing constraints.
INFO: [DRC 23-133] Running Methodology with 2 threads
INFO: [Coretcl 2-1520] The results of Report Methodology are in file C:/Users/Lenovo/Downloads/S2/CS 1050 computer organization and digital design/Vivado lab files/nanoprocessor/nanoprocessor.runs/impl_1/Register_Bank_methodology_drc_routed.rpt.
report_methodology completed successfully
INFO: [runtcl-4] Executing : report_power -file Register_Bank_power_routed.rpt -pb Register_Bank_power_summary_routed.pb -rpx Register_Bank_power_routed.rpx
Command: report_power -file Register_Bank_power_routed.rpt -pb Register_Bank_power_summary_routed.pb -rpx Register_Bank_power_routed.rpx
INFO: [Timing 38-35] Done setting XDC timing constraints.
WARNING: [Power 33-232] No user defined clocks were found in the design! Power estimation will be inaccurate until this is corrected.
Resolution: Please specify clocks using create_clock/create_generated_clock for sequential elements. For pure combinatorial circuits, please specify a virtual clock, otherwise the vectorless estimation might be inaccurate
Running Vector-less Activity Propagation...

Finished Running Vector-less Activity Propagation
70 Infos, 5 Warnings, 0 Critical Warnings and 0 Errors encountered.
report_power completed successfully
INFO: [runtcl-4] Executing : report_route_status -file Register_Bank_route_status.rpt -pb Register_Bank_route_status.pb
INFO: [runtcl-4] Executing : report_timing_summary -max_paths 10 -file Register_Bank_timing_summary_routed.rpt -pb Register_Bank_timing_summary_routed.pb -rpx Register_Bank_timing_summary_routed.rpx -warn_on_violation 
INFO: [Timing 38-91] UpdateTimingParams: Speed grade: -1, Delay Type: min_max.
INFO: [Timing 38-191] Multithreading enabled for timing update using a maximum of 2 CPUs
WARNING: [Timing 38-313] There are no user specified timing constraints. Timing constraints are needed for proper timing analysis.
INFO: [runtcl-4] Executing : report_incremental_reuse -file Register_Bank_incremental_reuse_routed.rpt
INFO: [Vivado_Tcl 4-1062] Incremental flow is disabled. No incremental reuse Info to report.
INFO: [runtcl-4] Executing : report_clock_utilization -file Register_Bank_clock_utilization_routed.rpt
INFO: [runtcl-4] Executing : report_bus_skew -warn_on_violation -file Register_Bank_bus_skew_routed.rpt -pb Register_Bank_bus_skew_routed.pb -rpx Register_Bank_bus_skew_routed.rpx
INFO: [Timing 38-91] UpdateTimingParams: Speed grade: -1, Delay Type: min_max.
INFO: [Timing 38-191] Multithreading enabled for timing update using a maximum of 2 CPUs
INFO: [Common 17-206] Exiting Vivado at Tue Apr 28 20:04:58 2026...
